Using pre-set license

 COMMAND LINE ARGUMENTS:
/Applications/Unity/Hub/Editor/2020.3.6f1/Unity.app/Contents/MacOS/Unity
-adb2
-batchMode
-noUpm
-name
AssetImportWorker0
-projectPath
/Users/mikescomputer/Desktop/GitHubs/Turrets/TurretsV2
-logFile
Logs/AssetImportWorker0.log
-srvPort
64241
Successfully changed project path to: /Users/mikescomputer/Desktop/GitHubs/Turrets/TurretsV2
/Users/mikescomputer/Desktop/GitHubs/Turrets/TurretsV2
Using Asset Import Pipeline V2.
Refreshing native plugins compatible for Editor in 68.73 ms, found 2 plugins.
Preloading 0 native plugins for Editor in 0.00 ms.
Initialize engine version: 2020.3.6f1 (338bb68529b2)
[Subsystems] Discovering subsystems at path /Applications/Unity/Hub/Editor/2020.3.6f1/Unity.app/Contents/Resources/UnitySubsystems
[Subsystems] Discovering subsystems at path /Users/mikescomputer/Desktop/GitHubs/Turrets/TurretsV2/Assets
GfxDevice: creating device client; threaded=0
2022-01-09 15:49:05.096 Unity[68104:6356368] Color LCD preferred device: Intel(R) Iris(TM) Graphics 6000 (low power)
2022-01-09 15:49:05.096 Unity[68104:6356368] Metal devices available: 1
2022-01-09 15:49:05.096 Unity[68104:6356368] 0: Intel(R) Iris(TM) Graphics 6000 (low power)
2022-01-09 15:49:05.096 Unity[68104:6356368] Using device Intel(R) Iris(TM) Graphics 6000 (low power)
Initializing Metal device caps: Intel(R) Iris(TM) Graphics 6000
Initialize mono
Mono path[0] = '/Applications/Unity/Hub/Editor/2020.3.6f1/Unity.app/Contents/Managed'
Mono path[1] = '/Applications/Unity/Hub/Editor/2020.3.6f1/Unity.app/Contents/MonoBleedingEdge/lib/mono/unityjit'
Mono config path = '/Applications/Unity/Hub/Editor/2020.3.6f1/Unity.app/Contents/MonoBleedingEdge/etc'
Using monoOptions --debugger-agent=transport=dt_socket,embedding=1,server=y,suspend=n,address=127.0.0.1:56104
Begin MonoManager ReloadAssembly
Registering precompiled unity dll's ...
Register platform support module: /Applications/Unity/Hub/Editor/2020.3.6f1/PlaybackEngines/WebGLSupport/UnityEditor.WebGL.Extensions.dll
Register platform support module: /Applications/Unity/Hub/Editor/2020.3.6f1/Unity.app/Contents/PlaybackEngines/MacStandaloneSupport/UnityEditor.OSXStandalone.Extensions.dll
Register platform support module: /Applications/Unity/Hub/Editor/2020.3.6f1/PlaybackEngines/WindowsStandaloneSupport/UnityEditor.WindowsStandalone.Extensions.dll
Register platform support module: /Applications/Unity/Hub/Editor/2020.3.6f1/PlaybackEngines/LinuxStandaloneSupport/UnityEditor.LinuxStandalone.Extensions.dll
Register platform support module: /Applications/Unity/Hub/Editor/2020.3.6f1/PlaybackEngines/LuminSupport/UnityEditor.Lumin.Extensions.dll
Registered in 0.001733 seconds.
Native extension for Lumin target not found
Native extension for LinuxStandalone target not found
Native extension for WindowsStandalone target not found
Native extension for OSXStandalone target not found
Native extension for WebGL target not found
Refreshing native plugins compatible for Editor in 59.32 ms, found 2 plugins.
Preloading 0 native plugins for Editor in 0.00 ms.
Mono: successfully reloaded assembly
- Completed reload, in  4.200 seconds
Platform modules already initialized, skipping
Registering precompiled user dll's ...
Registered in 0.001442 seconds.
Begin MonoManager ReloadAssembly
Native extension for Lumin target not found
Native extension for LinuxStandalone target not found
Native extension for WindowsStandalone target not found
Native extension for OSXStandalone target not found
Native extension for WebGL target not found
Refreshing native plugins compatible for Editor in 66.82 ms, found 2 plugins.
Preloading 0 native plugins for Editor in 0.00 ms.
Mono: successfully reloaded assembly
- Completed reload, in  1.964 seconds
Platform modules already initialized, skipping
========================================================================
Worker process is ready to serve import requests
Launching external process: /Applications/Unity/Hub/Editor/2020.3.6f1/Unity.app/Contents/Tools/UnityShaderCompiler
Launched and connected shader compiler UnityShaderCompiler after 0.02 seconds
Refreshing native plugins compatible for Editor in 0.74 ms, found 2 plugins.
Preloading 0 native plugins for Editor in 0.00 ms.
Unloading 2104 Unused Serialized files (Serialized files now loaded: 0)
System memory in use before: 190.3 MB.
System memory in use after: 190.3 MB.

Unloading 26 unused Assets to reduce memory usage. Loaded Objects now: 2548.
Total: 5.705890 ms (FindLiveObjects: 1.181026 ms CreateObjectMapping: 1.009424 ms MarkObjects: 3.283022 ms  DeleteObjects: 0.230259 ms)

========================================================================
Received Import Request.
  path: Assets/New Controls.inputactions
  artifactKey: Guid(454c892feffb34e05a4c4feec27cb238) Importer(815301076,1909f56bfc062723c751e8b465ee728b)
Start importing Assets/New Controls.inputactions using Guid(454c892feffb34e05a4c4feec27cb238) Importer(815301076,1909f56bfc062723c751e8b465ee728b)  -> (artifact id: '395b3142d85080fb09fb699254b660fa') in 0.172140 seconds
  Import took 0.176846 seconds .

========================================================================
Received Import Request.
  Time since last request: 32.525363 seconds.
  path: Assets/New Controls.inputactions
  artifactKey: Guid(454c892feffb34e05a4c4feec27cb238) Importer(815301076,1909f56bfc062723c751e8b465ee728b)
Start importing Assets/New Controls.inputactions using Guid(454c892feffb34e05a4c4feec27cb238) Importer(815301076,1909f56bfc062723c751e8b465ee728b)  -> (artifact id: '327e2509b3a51c9cde757edf463fe4ae') in 0.011100 seconds
  Import took 0.014965 seconds .

========================================================================
Received Import Request.
  Time since last request: 72.865900 seconds.
  path: Assets/PlayerInput.inputactions
  artifactKey: Guid(454c892feffb34e05a4c4feec27cb238) Importer(815301076,1909f56bfc062723c751e8b465ee728b)
Start importing Assets/PlayerInput.inputactions using Guid(454c892feffb34e05a4c4feec27cb238) Importer(815301076,1909f56bfc062723c751e8b465ee728b)  -> (artifact id: '16fe01aab99c6c7690cd099a4812fd87') in 0.008518 seconds
  Import took 0.015617 seconds .

========================================================================
Received Import Request.
  Time since last request: 73.832812 seconds.
  path: Assets/PlayerInput.inputactions
  artifactKey: Guid(454c892feffb34e05a4c4feec27cb238) Importer(815301076,1909f56bfc062723c751e8b465ee728b)
Start importing Assets/PlayerInput.inputactions using Guid(454c892feffb34e05a4c4feec27cb238) Importer(815301076,1909f56bfc062723c751e8b465ee728b)  -> (artifact id: 'df16ce54ceea6fa73617ff8438a983ae') in 0.012840 seconds
  Import took 0.019698 seconds .

========================================================================
Received Import Request.
  Time since last request: 18.747278 seconds.
  path: Assets/PlayerScript.cs
  artifactKey: Guid(33b0ef5dec3eb43749b826f9327f46d2) Importer(815301076,1909f56bfc062723c751e8b465ee728b)
Start importing Assets/PlayerScript.cs using Guid(33b0ef5dec3eb43749b826f9327f46d2) Importer(815301076,1909f56bfc062723c751e8b465ee728b)  -> (artifact id: '62583d57fdaefc384c5a83ac7d676d35') in 0.225689 seconds
  Import took 0.231292 seconds .

========================================================================
Received Prepare
Registering precompiled user dll's ...
Registered in 0.002071 seconds.
Begin MonoManager ReloadAssembly
Native extension for Lumin target not found
Native extension for LinuxStandalone target not found
Native extension for WindowsStandalone target not found
Native extension for OSXStandalone target not found
Native extension for WebGL target not found
Refreshing native plugins compatible for Editor in 0.55 ms, found 2 plugins.
Preloading 0 native plugins for Editor in 0.00 ms.
Mono: successfully reloaded assembly
- Completed reload, in  1.706 seconds
Platform modules already initialized, skipping
Refreshing native plugins compatible for Editor in 0.43 ms, found 2 plugins.
Preloading 0 native plugins for Editor in 0.00 ms.
Unloading 2100 Unused Serialized files (Serialized files now loaded: 0)
System memory in use before: 199.2 MB.
System memory in use after: 199.1 MB.

Unloading 12 unused Assets to reduce memory usage. Loaded Objects now: 2553.
Total: 4.357596 ms (FindLiveObjects: 0.458991 ms CreateObjectMapping: 0.125406 ms MarkObjects: 3.597179 ms  DeleteObjects: 0.173498 ms)

========================================================================
Received Prepare
Registering precompiled user dll's ...
Registered in 0.001872 seconds.
Begin MonoManager ReloadAssembly
Native extension for Lumin target not found
Native extension for LinuxStandalone target not found
Native extension for WindowsStandalone target not found
Native extension for OSXStandalone target not found
Native extension for WebGL target not found
Refreshing native plugins compatible for Editor in 0.45 ms, found 2 plugins.
Preloading 0 native plugins for Editor in 0.00 ms.
Mono: successfully reloaded assembly
- Completed reload, in  1.358 seconds
Platform modules already initialized, skipping
Refreshing native plugins compatible for Editor in 0.62 ms, found 2 plugins.
Preloading 0 native plugins for Editor in 0.00 ms.
Unloading 2100 Unused Serialized files (Serialized files now loaded: 0)
System memory in use before: 199.4 MB.
System memory in use after: 199.4 MB.

Unloading 12 unused Assets to reduce memory usage. Loaded Objects now: 2557.
Total: 5.487144 ms (FindLiveObjects: 0.407141 ms CreateObjectMapping: 0.160385 ms MarkObjects: 4.728136 ms  DeleteObjects: 0.185751 ms)

========================================================================
Received Import Request.
  Time since last request: 137.600316 seconds.
  path: Assets/PlayerScript.cs
  artifactKey: Guid(33b0ef5dec3eb43749b826f9327f46d2) Importer(815301076,1909f56bfc062723c751e8b465ee728b)
Start importing Assets/PlayerScript.cs using Guid(33b0ef5dec3eb43749b826f9327f46d2) Importer(815301076,1909f56bfc062723c751e8b465ee728b)  -> (artifact id: 'c71755d2540fe0eea7ac3e6076313631') in 0.043267 seconds
  Import took 0.051936 seconds .

========================================================================
Received Prepare
Registering precompiled user dll's ...
Registered in 0.002550 seconds.
Begin MonoManager ReloadAssembly
Native extension for Lumin target not found
Native extension for LinuxStandalone target not found
Native extension for WindowsStandalone target not found
Native extension for OSXStandalone target not found
Native extension for WebGL target not found
Refreshing native plugins compatible for Editor in 0.41 ms, found 2 plugins.
Preloading 0 native plugins for Editor in 0.00 ms.
Mono: successfully reloaded assembly
- Completed reload, in  1.511 seconds
Platform modules already initialized, skipping
Refreshing native plugins compatible for Editor in 0.44 ms, found 2 plugins.
Preloading 0 native plugins for Editor in 0.00 ms.
Unloading 2100 Unused Serialized files (Serialized files now loaded: 0)
System memory in use before: 199.6 MB.
System memory in use after: 199.6 MB.

Unloading 12 unused Assets to reduce memory usage. Loaded Objects now: 2561.
Total: 3.230675 ms (FindLiveObjects: 0.388753 ms CreateObjectMapping: 0.154924 ms MarkObjects: 2.571170 ms  DeleteObjects: 0.114279 ms)

========================================================================
Received Prepare
Registering precompiled user dll's ...
Registered in 0.002678 seconds.
Begin MonoManager ReloadAssembly
Native extension for Lumin target not found
Native extension for LinuxStandalone target not found
Native extension for WindowsStandalone target not found
Native extension for OSXStandalone target not found
Native extension for WebGL target not found
Refreshing native plugins compatible for Editor in 0.46 ms, found 2 plugins.
Preloading 0 native plugins for Editor in 0.00 ms.
Mono: successfully reloaded assembly
- Completed reload, in  1.674 seconds
Platform modules already initialized, skipping
Refreshing native plugins compatible for Editor in 0.59 ms, found 2 plugins.
Preloading 0 native plugins for Editor in 0.00 ms.
Unloading 2100 Unused Serialized files (Serialized files now loaded: 0)
System memory in use before: 199.8 MB.
System memory in use after: 199.8 MB.

Unloading 12 unused Assets to reduce memory usage. Loaded Objects now: 2565.
Total: 4.614340 ms (FindLiveObjects: 0.527886 ms CreateObjectMapping: 0.164165 ms MarkObjects: 3.699700 ms  DeleteObjects: 0.219754 ms)

========================================================================
Received Prepare
Registering precompiled user dll's ...
Registered in 0.001073 seconds.
Begin MonoManager ReloadAssembly
Native extension for Lumin target not found
Native extension for LinuxStandalone target not found
Native extension for WindowsStandalone target not found
Native extension for OSXStandalone target not found
Native extension for WebGL target not found
Refreshing native plugins compatible for Editor in 0.41 ms, found 2 plugins.
Preloading 0 native plugins for Editor in 0.00 ms.
Mono: successfully reloaded assembly
- Completed reload, in  1.419 seconds
Platform modules already initialized, skipping
Refreshing native plugins compatible for Editor in 0.43 ms, found 2 plugins.
Preloading 0 native plugins for Editor in 0.00 ms.
Unloading 2100 Unused Serialized files (Serialized files now loaded: 0)
System memory in use before: 200.1 MB.
System memory in use after: 200.0 MB.

Unloading 12 unused Assets to reduce memory usage. Loaded Objects now: 2569.
Total: 2.719285 ms (FindLiveObjects: 0.270310 ms CreateObjectMapping: 0.075320 ms MarkObjects: 2.231226 ms  DeleteObjects: 0.139530 ms)

========================================================================
Received Prepare
Registering precompiled user dll's ...
Registered in 0.002388 seconds.
Begin MonoManager ReloadAssembly
Native extension for Lumin target not found
Native extension for LinuxStandalone target not found
Native extension for WindowsStandalone target not found
Native extension for OSXStandalone target not found
Native extension for WebGL target not found
Refreshing native plugins compatible for Editor in 0.42 ms, found 2 plugins.
Preloading 0 native plugins for Editor in 0.00 ms.
Mono: successfully reloaded assembly
- Completed reload, in  1.530 seconds
Platform modules already initialized, skipping
Refreshing native plugins compatible for Editor in 0.45 ms, found 2 plugins.
Preloading 0 native plugins for Editor in 0.00 ms.
Unloading 2100 Unused Serialized files (Serialized files now loaded: 0)
System memory in use before: 200.3 MB.
System memory in use after: 200.3 MB.

Unloading 12 unused Assets to reduce memory usage. Loaded Objects now: 2573.
Total: 5.841765 ms (FindLiveObjects: 0.393097 ms CreateObjectMapping: 0.159111 ms MarkObjects: 4.784923 ms  DeleteObjects: 0.500778 ms)

========================================================================
Received Prepare
Registering precompiled user dll's ...
Registered in 0.001969 seconds.
Begin MonoManager ReloadAssembly
Native extension for Lumin target not found
Native extension for LinuxStandalone target not found
Native extension for WindowsStandalone target not found
Native extension for OSXStandalone target not found
Native extension for WebGL target not found
Refreshing native plugins compatible for Editor in 0.77 ms, found 2 plugins.
Preloading 0 native plugins for Editor in 0.00 ms.
Mono: successfully reloaded assembly
- Completed reload, in  1.342 seconds
Platform modules already initialized, skipping
Refreshing native plugins compatible for Editor in 0.41 ms, found 2 plugins.
Preloading 0 native plugins for Editor in 0.00 ms.
Unloading 2100 Unused Serialized files (Serialized files now loaded: 0)
System memory in use before: 200.5 MB.
System memory in use after: 200.5 MB.

Unloading 12 unused Assets to reduce memory usage. Loaded Objects now: 2577.
Total: 4.376974 ms (FindLiveObjects: 0.489755 ms CreateObjectMapping: 0.127965 ms MarkObjects: 3.591007 ms  DeleteObjects: 0.165406 ms)

========================================================================
Received Prepare
Registering precompiled user dll's ...
Registered in 0.001785 seconds.
Begin MonoManager ReloadAssembly
Native extension for Lumin target not found
Native extension for LinuxStandalone target not found
Native extension for WindowsStandalone target not found
Native extension for OSXStandalone target not found
Native extension for WebGL target not found
Refreshing native plugins compatible for Editor in 0.69 ms, found 2 plugins.
Preloading 0 native plugins for Editor in 0.00 ms.
Mono: successfully reloaded assembly
- Completed reload, in  1.288 seconds
Platform modules already initialized, skipping
Refreshing native plugins compatible for Editor in 0.51 ms, found 2 plugins.
Preloading 0 native plugins for Editor in 0.00 ms.
Unloading 2100 Unused Serialized files (Serialized files now loaded: 0)
System memory in use before: 200.7 MB.
System memory in use after: 200.7 MB.

Unloading 12 unused Assets to reduce memory usage. Loaded Objects now: 2581.
Total: 2.818650 ms (FindLiveObjects: 0.466999 ms CreateObjectMapping: 0.093999 ms MarkObjects: 2.122476 ms  DeleteObjects: 0.133581 ms)

========================================================================
Received Prepare
Registering precompiled user dll's ...
Registered in 0.000839 seconds.
Begin MonoManager ReloadAssembly
Native extension for Lumin target not found
Native extension for LinuxStandalone target not found
Native extension for WindowsStandalone target not found
Native extension for OSXStandalone target not found
Native extension for WebGL target not found
Refreshing native plugins compatible for Editor in 0.44 ms, found 2 plugins.
Preloading 0 native plugins for Editor in 0.00 ms.
Mono: successfully reloaded assembly
- Completed reload, in  1.238 seconds
Platform modules already initialized, skipping
Refreshing native plugins compatible for Editor in 0.71 ms, found 2 plugins.
Preloading 0 native plugins for Editor in 0.00 ms.
Unloading 2100 Unused Serialized files (Serialized files now loaded: 0)
System memory in use before: 200.9 MB.
System memory in use after: 200.9 MB.

Unloading 12 unused Assets to reduce memory usage. Loaded Objects now: 2585.
Total: 3.606231 ms (FindLiveObjects: 0.407891 ms CreateObjectMapping: 0.125938 ms MarkObjects: 2.904136 ms  DeleteObjects: 0.166221 ms)

========================================================================
Received Prepare
Registering precompiled user dll's ...
Registered in 0.002872 seconds.
Begin MonoManager ReloadAssembly
Native extension for Lumin target not found
Native extension for LinuxStandalone target not found
Native extension for WindowsStandalone target not found
Native extension for OSXStandalone target not found
Native extension for WebGL target not found
Refreshing native plugins compatible for Editor in 0.66 ms, found 2 plugins.
Preloading 0 native plugins for Editor in 0.00 ms.
Mono: successfully reloaded assembly
- Completed reload, in  1.434 seconds
Platform modules already initialized, skipping
Refreshing native plugins compatible for Editor in 1.73 ms, found 2 plugins.
Preloading 0 native plugins for Editor in 0.00 ms.
Unloading 2100 Unused Serialized files (Serialized files now loaded: 0)
System memory in use before: 201.1 MB.
System memory in use after: 201.1 MB.

Unloading 12 unused Assets to reduce memory usage. Loaded Objects now: 2589.
Total: 3.815153 ms (FindLiveObjects: 0.283119 ms CreateObjectMapping: 0.079254 ms MarkObjects: 3.263366 ms  DeleteObjects: 0.186486 ms)

========================================================================
Received Prepare
Registering precompiled user dll's ...
Registered in 0.000900 seconds.
Begin MonoManager ReloadAssembly
Native extension for Lumin target not found
Native extension for LinuxStandalone target not found
Native extension for WindowsStandalone target not found
Native extension for OSXStandalone target not found
Native extension for WebGL target not found
Refreshing native plugins compatible for Editor in 0.42 ms, found 2 plugins.
Preloading 0 native plugins for Editor in 0.00 ms.
Mono: successfully reloaded assembly
- Completed reload, in  1.694 seconds
Platform modules already initialized, skipping
Refreshing native plugins compatible for Editor in 0.76 ms, found 2 plugins.
Preloading 0 native plugins for Editor in 0.00 ms.
Unloading 2100 Unused Serialized files (Serialized files now loaded: 0)
System memory in use before: 201.3 MB.
System memory in use after: 201.3 MB.

Unloading 12 unused Assets to reduce memory usage. Loaded Objects now: 2593.
Total: 5.706032 ms (FindLiveObjects: 0.548917 ms CreateObjectMapping: 0.707717 ms MarkObjects: 4.226879 ms  DeleteObjects: 0.219216 ms)

