Using pre-set license

 COMMAND LINE ARGUMENTS:
/Applications/Unity/Hub/Editor/2020.3.6f1/Unity.app/Contents/MacOS/Unity
-adb2
-batchMode
-noUpm
-name
AssetImportWorker1
-projectPath
/Users/mikescomputer/Desktop/GitHubs/Turrets/TurretsV2
-logFile
Logs/AssetImportWorker1.log
-srvPort
64241
Successfully changed project path to: /Users/mikescomputer/Desktop/GitHubs/Turrets/TurretsV2
/Users/mikescomputer/Desktop/GitHubs/Turrets/TurretsV2
Using Asset Import Pipeline V2.
Refreshing native plugins compatible for Editor in 87.41 ms, found 2 plugins.
Preloading 0 native plugins for Editor in 0.00 ms.
Initialize engine version: 2020.3.6f1 (338bb68529b2)
[Subsystems] Discovering subsystems at path /Applications/Unity/Hub/Editor/2020.3.6f1/Unity.app/Contents/Resources/UnitySubsystems
[Subsystems] Discovering subsystems at path /Users/mikescomputer/Desktop/GitHubs/Turrets/TurretsV2/Assets
GfxDevice: creating device client; threaded=0
2022-01-17 01:14:14.707 Unity[11384:8329123] Color LCD preferred device: Intel(R) Iris(TM) Graphics 6000 (low power)
2022-01-17 01:14:14.707 Unity[11384:8329123] Metal devices available: 1
2022-01-17 01:14:14.707 Unity[11384:8329123] 0: Intel(R) Iris(TM) Graphics 6000 (low power)
2022-01-17 01:14:14.708 Unity[11384:8329123] Using device Intel(R) Iris(TM) Graphics 6000 (low power)
Initializing Metal device caps: Intel(R) Iris(TM) Graphics 6000
Initialize mono
Mono path[0] = '/Applications/Unity/Hub/Editor/2020.3.6f1/Unity.app/Contents/Managed'
Mono path[1] = '/Applications/Unity/Hub/Editor/2020.3.6f1/Unity.app/Contents/MonoBleedingEdge/lib/mono/unityjit'
Mono config path = '/Applications/Unity/Hub/Editor/2020.3.6f1/Unity.app/Contents/MonoBleedingEdge/etc'
Using monoOptions --debugger-agent=transport=dt_socket,embedding=1,server=y,suspend=n,address=127.0.0.1:56384
Begin MonoManager ReloadAssembly
Registering precompiled unity dll's ...
Register platform support module: /Applications/Unity/Hub/Editor/2020.3.6f1/PlaybackEngines/WebGLSupport/UnityEditor.WebGL.Extensions.dll
Register platform support module: /Applications/Unity/Hub/Editor/2020.3.6f1/Unity.app/Contents/PlaybackEngines/MacStandaloneSupport/UnityEditor.OSXStandalone.Extensions.dll
Register platform support module: /Applications/Unity/Hub/Editor/2020.3.6f1/PlaybackEngines/WindowsStandaloneSupport/UnityEditor.WindowsStandalone.Extensions.dll
Register platform support module: /Applications/Unity/Hub/Editor/2020.3.6f1/PlaybackEngines/LinuxStandaloneSupport/UnityEditor.LinuxStandalone.Extensions.dll
Register platform support module: /Applications/Unity/Hub/Editor/2020.3.6f1/PlaybackEngines/LuminSupport/UnityEditor.Lumin.Extensions.dll
Registered in 0.013150 seconds.
Native extension for Lumin target not found
Native extension for LinuxStandalone target not found
Native extension for WindowsStandalone target not found
Native extension for OSXStandalone target not found
Native extension for WebGL target not found
Refreshing native plugins compatible for Editor in 127.88 ms, found 2 plugins.
Preloading 0 native plugins for Editor in 0.00 ms.
Mono: successfully reloaded assembly
- Completed reload, in 11.591 seconds
Platform modules already initialized, skipping
Registering precompiled user dll's ...
Registered in 0.002453 seconds.
Begin MonoManager ReloadAssembly
Native extension for Lumin target not found
Native extension for LinuxStandalone target not found
Native extension for WindowsStandalone target not found
Native extension for OSXStandalone target not found
Native extension for WebGL target not found
Refreshing native plugins compatible for Editor in 76.91 ms, found 2 plugins.
Preloading 0 native plugins for Editor in 0.00 ms.
Mono: successfully reloaded assembly
- Completed reload, in  1.909 seconds
Platform modules already initialized, skipping
========================================================================
Worker process is ready to serve import requests
Launching external process: /Applications/Unity/Hub/Editor/2020.3.6f1/Unity.app/Contents/Tools/UnityShaderCompiler
Launched and connected shader compiler UnityShaderCompiler after 0.41 seconds
Refreshing native plugins compatible for Editor in 0.57 ms, found 2 plugins.
Preloading 0 native plugins for Editor in 0.00 ms.
Unloading 2112 Unused Serialized files (Serialized files now loaded: 0)
System memory in use before: 190.7 MB.
System memory in use after: 190.6 MB.

Unloading 26 unused Assets to reduce memory usage. Loaded Objects now: 2558.
Total: 5.390115 ms (FindLiveObjects: 0.445566 ms CreateObjectMapping: 0.164056 ms MarkObjects: 4.464496 ms  DeleteObjects: 0.311133 ms)

========================================================================
Received Import Request.
  path: Assets/Player4Seeker.prefab
  artifactKey: Guid(2b598410fa21d42729060575003bbcee) Importer(815301076,1909f56bfc062723c751e8b465ee728b)
Start importing Assets/Player4Seeker.prefab using Guid(2b598410fa21d42729060575003bbcee) Importer(815301076,1909f56bfc062723c751e8b465ee728b)  -> (artifact id: '7f06d2070f1ac7ea2969b6266501dc47') in 1.550604 seconds
  Import took 1.556710 seconds .

========================================================================
Received Import Request.
  Time since last request: 0.000410 seconds.
  path: Assets/Player3Seeker.prefab
  artifactKey: Guid(b073c3997fd1648cab29cc05fb1a6fd5) Importer(815301076,1909f56bfc062723c751e8b465ee728b)
Start importing Assets/Player3Seeker.prefab using Guid(b073c3997fd1648cab29cc05fb1a6fd5) Importer(815301076,1909f56bfc062723c751e8b465ee728b)  -> (artifact id: '7739f7002802613ea0c8f6ed21d951b1') in 0.033594 seconds
  Import took 0.041119 seconds .

========================================================================
Received Prepare
Refreshing native plugins compatible for Editor in 2.66 ms, found 2 plugins.
Preloading 0 native plugins for Editor in 0.00 ms.
Unloading 10 Unused Serialized files (Serialized files now loaded: 0)
System memory in use before: 157.6 MB.
System memory in use after: 157.6 MB.

Unloading 10 unused Assets to reduce memory usage. Loaded Objects now: 2565.
Total: 3.904717 ms (FindLiveObjects: 0.383148 ms CreateObjectMapping: 0.126980 ms MarkObjects: 3.257298 ms  DeleteObjects: 0.134158 ms)

========================================================================
Received Import Request.
  Time since last request: 56.330335 seconds.
  path: Assets/kenney_spaceshooterextension/PNG/Sprites/Ships/spaceShips_001.png
  artifactKey: Guid(880e34dc8568e45f3ac33e878099fedb) Importer(815301076,1909f56bfc062723c751e8b465ee728b)
Start importing Assets/kenney_spaceshooterextension/PNG/Sprites/Ships/spaceShips_001.png using Guid(880e34dc8568e45f3ac33e878099fedb) Importer(815301076,1909f56bfc062723c751e8b465ee728b)  -> (artifact id: '6c45f53d370feaa6c22fe07c329db359') in 1.043346 seconds
  Import took 1.050746 seconds .

========================================================================
Received Prepare
Registering precompiled user dll's ...
Registered in 0.001078 seconds.
Begin MonoManager ReloadAssembly
Native extension for Lumin target not found
Native extension for LinuxStandalone target not found
Native extension for WindowsStandalone target not found
Native extension for OSXStandalone target not found
Native extension for WebGL target not found
Refreshing native plugins compatible for Editor in 0.70 ms, found 2 plugins.
Preloading 0 native plugins for Editor in 0.00 ms.
Mono: successfully reloaded assembly
- Completed reload, in  1.410 seconds
Platform modules already initialized, skipping
Refreshing native plugins compatible for Editor in 1.34 ms, found 2 plugins.
Preloading 0 native plugins for Editor in 0.00 ms.
Unloading 2107 Unused Serialized files (Serialized files now loaded: 0)
System memory in use before: 203.0 MB.
System memory in use after: 203.0 MB.

Unloading 12 unused Assets to reduce memory usage. Loaded Objects now: 2572.
Total: 5.754844 ms (FindLiveObjects: 0.825385 ms CreateObjectMapping: 0.219749 ms MarkObjects: 4.473748 ms  DeleteObjects: 0.231962 ms)

========================================================================
Received Import Request.
  Time since last request: 65.517157 seconds.
  path: Assets/kenney_spaceshooterextension/PNG/Sprites/Ships/spaceShips_001.png
  artifactKey: Guid(880e34dc8568e45f3ac33e878099fedb) Importer(815301076,1909f56bfc062723c751e8b465ee728b)
Start importing Assets/kenney_spaceshooterextension/PNG/Sprites/Ships/spaceShips_001.png using Guid(880e34dc8568e45f3ac33e878099fedb) Importer(815301076,1909f56bfc062723c751e8b465ee728b)  -> (artifact id: 'eff3a4dac64e867a3fbdd3459d3f20f2') in 0.085596 seconds
  Import took 0.093507 seconds .

========================================================================
Received Prepare
Registering precompiled user dll's ...
Registered in 0.002718 seconds.
Begin MonoManager ReloadAssembly
Native extension for Lumin target not found
Native extension for LinuxStandalone target not found
Native extension for WindowsStandalone target not found
Native extension for OSXStandalone target not found
Native extension for WebGL target not found
Refreshing native plugins compatible for Editor in 0.64 ms, found 2 plugins.
Preloading 0 native plugins for Editor in 0.00 ms.
Mono: successfully reloaded assembly
- Completed reload, in  1.847 seconds
Platform modules already initialized, skipping
Refreshing native plugins compatible for Editor in 1.19 ms, found 2 plugins.
Preloading 0 native plugins for Editor in 0.00 ms.
Unloading 2107 Unused Serialized files (Serialized files now loaded: 0)
System memory in use before: 203.3 MB.
System memory in use after: 203.2 MB.

Unloading 12 unused Assets to reduce memory usage. Loaded Objects now: 2577.
Total: 3.784718 ms (FindLiveObjects: 0.281444 ms CreateObjectMapping: 0.073635 ms MarkObjects: 3.244243 ms  DeleteObjects: 0.181443 ms)

========================================================================
Received Import Request.
  Time since last request: 48.860935 seconds.
  path: Assets/kenney_spaceshooterextension/PNG/Sprites/Ships/spaceShips_001.png
  artifactKey: Guid(880e34dc8568e45f3ac33e878099fedb) Importer(815301076,1909f56bfc062723c751e8b465ee728b)
Start importing Assets/kenney_spaceshooterextension/PNG/Sprites/Ships/spaceShips_001.png using Guid(880e34dc8568e45f3ac33e878099fedb) Importer(815301076,1909f56bfc062723c751e8b465ee728b)  -> (artifact id: '383a880e9975f1039fdec868ebf736b0') in 0.065466 seconds
  Import took 0.073365 seconds .

========================================================================
Received Prepare
Registering precompiled user dll's ...
Registered in 0.001449 seconds.
Begin MonoManager ReloadAssembly
Native extension for Lumin target not found
Native extension for LinuxStandalone target not found
Native extension for WindowsStandalone target not found
Native extension for OSXStandalone target not found
Native extension for WebGL target not found
Refreshing native plugins compatible for Editor in 0.53 ms, found 2 plugins.
Preloading 0 native plugins for Editor in 0.00 ms.
Mono: successfully reloaded assembly
- Completed reload, in  1.353 seconds
Platform modules already initialized, skipping
Refreshing native plugins compatible for Editor in 0.69 ms, found 2 plugins.
Preloading 0 native plugins for Editor in 0.00 ms.
Unloading 2107 Unused Serialized files (Serialized files now loaded: 0)
System memory in use before: 203.5 MB.
System memory in use after: 203.4 MB.

Unloading 12 unused Assets to reduce memory usage. Loaded Objects now: 2582.
Total: 4.454922 ms (FindLiveObjects: 0.461971 ms CreateObjectMapping: 0.172243 ms MarkObjects: 3.633285 ms  DeleteObjects: 0.183818 ms)

========================================================================
Received Prepare
Registering precompiled user dll's ...
Registered in 0.003419 seconds.
Begin MonoManager ReloadAssembly
Native extension for Lumin target not found
Native extension for LinuxStandalone target not found
Native extension for WindowsStandalone target not found
Native extension for OSXStandalone target not found
Native extension for WebGL target not found
Refreshing native plugins compatible for Editor in 0.85 ms, found 2 plugins.
Preloading 0 native plugins for Editor in 0.00 ms.
Mono: successfully reloaded assembly
- Completed reload, in  1.915 seconds
Platform modules already initialized, skipping
Refreshing native plugins compatible for Editor in 0.68 ms, found 2 plugins.
Preloading 0 native plugins for Editor in 0.00 ms.
Unloading 2107 Unused Serialized files (Serialized files now loaded: 0)
System memory in use before: 203.7 MB.
System memory in use after: 203.7 MB.

Unloading 12 unused Assets to reduce memory usage. Loaded Objects now: 2586.
Total: 3.036497 ms (FindLiveObjects: 0.253690 ms CreateObjectMapping: 0.076634 ms MarkObjects: 2.556948 ms  DeleteObjects: 0.145981 ms)

========================================================================
Received Prepare
Registering precompiled user dll's ...
Registered in 0.001050 seconds.
Begin MonoManager ReloadAssembly
Native extension for Lumin target not found
Native extension for LinuxStandalone target not found
Native extension for WindowsStandalone target not found
Native extension for OSXStandalone target not found
Native extension for WebGL target not found
Refreshing native plugins compatible for Editor in 0.91 ms, found 2 plugins.
Preloading 0 native plugins for Editor in 0.00 ms.
Mono: successfully reloaded assembly
- Completed reload, in  1.420 seconds
Platform modules already initialized, skipping
Refreshing native plugins compatible for Editor in 0.62 ms, found 2 plugins.
Preloading 0 native plugins for Editor in 0.00 ms.
Unloading 2107 Unused Serialized files (Serialized files now loaded: 0)
System memory in use before: 203.9 MB.
System memory in use after: 203.9 MB.

Unloading 12 unused Assets to reduce memory usage. Loaded Objects now: 2590.
Total: 3.390273 ms (FindLiveObjects: 0.311284 ms CreateObjectMapping: 0.070721 ms MarkObjects: 2.828789 ms  DeleteObjects: 0.176744 ms)

========================================================================
Received Prepare
Registering precompiled user dll's ...
Registered in 0.001951 seconds.
Begin MonoManager ReloadAssembly
Native extension for Lumin target not found
Native extension for LinuxStandalone target not found
Native extension for WindowsStandalone target not found
Native extension for OSXStandalone target not found
Native extension for WebGL target not found
Refreshing native plugins compatible for Editor in 0.64 ms, found 2 plugins.
Preloading 0 native plugins for Editor in 0.00 ms.
Mono: successfully reloaded assembly
- Completed reload, in  1.437 seconds
Platform modules already initialized, skipping
Refreshing native plugins compatible for Editor in 0.71 ms, found 2 plugins.
Preloading 0 native plugins for Editor in 0.00 ms.
Unloading 2107 Unused Serialized files (Serialized files now loaded: 0)
System memory in use before: 204.2 MB.
System memory in use after: 204.1 MB.

Unloading 12 unused Assets to reduce memory usage. Loaded Objects now: 2594.
Total: 5.130670 ms (FindLiveObjects: 0.462435 ms CreateObjectMapping: 0.147156 ms MarkObjects: 4.181804 ms  DeleteObjects: 0.336343 ms)

========================================================================
Received Prepare
Registering precompiled user dll's ...
Registered in 0.002488 seconds.
Begin MonoManager ReloadAssembly
Native extension for Lumin target not found
Native extension for LinuxStandalone target not found
Native extension for WindowsStandalone target not found
Native extension for OSXStandalone target not found
Native extension for WebGL target not found
Refreshing native plugins compatible for Editor in 1.16 ms, found 2 plugins.
Preloading 0 native plugins for Editor in 0.00 ms.
Mono: successfully reloaded assembly
- Completed reload, in  1.801 seconds
Platform modules already initialized, skipping
Refreshing native plugins compatible for Editor in 0.75 ms, found 2 plugins.
Preloading 0 native plugins for Editor in 0.00 ms.
Unloading 2107 Unused Serialized files (Serialized files now loaded: 0)
System memory in use before: 204.4 MB.
System memory in use after: 204.4 MB.

Unloading 12 unused Assets to reduce memory usage. Loaded Objects now: 2598.
Total: 3.050501 ms (FindLiveObjects: 0.395744 ms CreateObjectMapping: 0.168057 ms MarkObjects: 2.348197 ms  DeleteObjects: 0.135937 ms)

========================================================================
Received Import Request.
  Time since last request: 159.755878 seconds.
  path: Assets/Player1Seeker.prefab
  artifactKey: Guid(5625e6fe2ceaf401084211813059acc7) Importer(815301076,1909f56bfc062723c751e8b465ee728b)
Start importing Assets/Player1Seeker.prefab using Guid(5625e6fe2ceaf401084211813059acc7) Importer(815301076,1909f56bfc062723c751e8b465ee728b)  -> (artifact id: 'e1e9f8256acfb48da446ac151f58b707') in 0.171101 seconds
  Import took 0.185548 seconds .

========================================================================
Received Prepare
Registering precompiled user dll's ...
Registered in 0.000980 seconds.
Begin MonoManager ReloadAssembly
Native extension for Lumin target not found
Native extension for LinuxStandalone target not found
Native extension for WindowsStandalone target not found
Native extension for OSXStandalone target not found
Native extension for WebGL target not found
Refreshing native plugins compatible for Editor in 0.57 ms, found 2 plugins.
Preloading 0 native plugins for Editor in 0.00 ms.
Mono: successfully reloaded assembly
- Completed reload, in  1.293 seconds
Platform modules already initialized, skipping
Refreshing native plugins compatible for Editor in 0.83 ms, found 2 plugins.
Preloading 0 native plugins for Editor in 0.00 ms.
Unloading 2107 Unused Serialized files (Serialized files now loaded: 0)
System memory in use before: 204.6 MB.
System memory in use after: 204.6 MB.

Unloading 12 unused Assets to reduce memory usage. Loaded Objects now: 2603.
Total: 5.076662 ms (FindLiveObjects: 0.383077 ms CreateObjectMapping: 0.160646 ms MarkObjects: 4.292565 ms  DeleteObjects: 0.236928 ms)

========================================================================
Received Prepare
Registering precompiled user dll's ...
Registered in 0.006764 seconds.
Begin MonoManager ReloadAssembly
Native extension for Lumin target not found
Native extension for LinuxStandalone target not found
Native extension for WindowsStandalone target not found
Native extension for OSXStandalone target not found
Native extension for WebGL target not found
Refreshing native plugins compatible for Editor in 0.65 ms, found 2 plugins.
Preloading 0 native plugins for Editor in 0.00 ms.
Mono: successfully reloaded assembly
- Completed reload, in  2.739 seconds
Platform modules already initialized, skipping
Refreshing native plugins compatible for Editor in 0.53 ms, found 2 plugins.
Preloading 0 native plugins for Editor in 0.00 ms.
Unloading 2107 Unused Serialized files (Serialized files now loaded: 0)
System memory in use before: 204.8 MB.
System memory in use after: 204.8 MB.

Unloading 12 unused Assets to reduce memory usage. Loaded Objects now: 2607.
Total: 32.474274 ms (FindLiveObjects: 0.382335 ms CreateObjectMapping: 0.085055 ms MarkObjects: 31.776759 ms  DeleteObjects: 0.226415 ms)

========================================================================
Received Prepare
Registering precompiled user dll's ...
Registered in 0.007892 seconds.
Begin MonoManager ReloadAssembly
Native extension for Lumin target not found
Native extension for LinuxStandalone target not found
Native extension for WindowsStandalone target not found
Native extension for OSXStandalone target not found
Native extension for WebGL target not found
Refreshing native plugins compatible for Editor in 0.59 ms, found 2 plugins.
Preloading 0 native plugins for Editor in 0.00 ms.
Mono: successfully reloaded assembly
- Completed reload, in  1.400 seconds
Platform modules already initialized, skipping
Refreshing native plugins compatible for Editor in 0.60 ms, found 2 plugins.
Preloading 0 native plugins for Editor in 0.00 ms.
Unloading 2107 Unused Serialized files (Serialized files now loaded: 0)
System memory in use before: 205.1 MB.
System memory in use after: 205.0 MB.

Unloading 12 unused Assets to reduce memory usage. Loaded Objects now: 2611.
Total: 5.429180 ms (FindLiveObjects: 0.448726 ms CreateObjectMapping: 0.276562 ms MarkObjects: 4.485920 ms  DeleteObjects: 0.214893 ms)

========================================================================
Received Import Request.
  Time since last request: 261.294243 seconds.
  path: Assets/Player1Seeker.prefab
  artifactKey: Guid(5625e6fe2ceaf401084211813059acc7) Importer(815301076,1909f56bfc062723c751e8b465ee728b)
Start importing Assets/Player1Seeker.prefab using Guid(5625e6fe2ceaf401084211813059acc7) Importer(815301076,1909f56bfc062723c751e8b465ee728b)  -> (artifact id: '7ac8cbd963b264cb93cf5c708fd6a58b') in 0.098144 seconds
  Import took 0.103420 seconds .

========================================================================
Received Prepare
Registering precompiled user dll's ...
Registered in 0.002843 seconds.
Begin MonoManager ReloadAssembly
Native extension for Lumin target not found
Native extension for LinuxStandalone target not found
Native extension for WindowsStandalone target not found
Native extension for OSXStandalone target not found
Native extension for WebGL target not found
Refreshing native plugins compatible for Editor in 0.98 ms, found 2 plugins.
Preloading 0 native plugins for Editor in 0.00 ms.
Mono: successfully reloaded assembly
- Completed reload, in  1.996 seconds
Platform modules already initialized, skipping
Refreshing native plugins compatible for Editor in 0.77 ms, found 2 plugins.
Preloading 0 native plugins for Editor in 0.00 ms.
Unloading 2107 Unused Serialized files (Serialized files now loaded: 0)
System memory in use before: 205.3 MB.
System memory in use after: 205.3 MB.

Unloading 12 unused Assets to reduce memory usage. Loaded Objects now: 2616.
Total: 3.625432 ms (FindLiveObjects: 0.555808 ms CreateObjectMapping: 0.211147 ms MarkObjects: 2.715071 ms  DeleteObjects: 0.141654 ms)

========================================================================
Received Prepare
Registering precompiled user dll's ...
Registered in 0.002431 seconds.
Begin MonoManager ReloadAssembly
Native extension for Lumin target not found
Native extension for LinuxStandalone target not found
Native extension for WindowsStandalone target not found
Native extension for OSXStandalone target not found
Native extension for WebGL target not found
Refreshing native plugins compatible for Editor in 0.58 ms, found 2 plugins.
Preloading 0 native plugins for Editor in 0.00 ms.
Mono: successfully reloaded assembly
- Completed reload, in  1.297 seconds
Platform modules already initialized, skipping
Refreshing native plugins compatible for Editor in 0.69 ms, found 2 plugins.
Preloading 0 native plugins for Editor in 0.00 ms.
Unloading 2107 Unused Serialized files (Serialized files now loaded: 0)
System memory in use before: 205.5 MB.
System memory in use after: 205.5 MB.

Unloading 12 unused Assets to reduce memory usage. Loaded Objects now: 2620.
Total: 4.686774 ms (FindLiveObjects: 0.396019 ms CreateObjectMapping: 0.159208 ms MarkObjects: 3.934125 ms  DeleteObjects: 0.191838 ms)

========================================================================
Received Prepare
Registering precompiled user dll's ...
Registered in 0.000870 seconds.
Begin MonoManager ReloadAssembly
Native extension for Lumin target not found
Native extension for LinuxStandalone target not found
Native extension for WindowsStandalone target not found
Native extension for OSXStandalone target not found
Native extension for WebGL target not found
Refreshing native plugins compatible for Editor in 0.51 ms, found 2 plugins.
Preloading 0 native plugins for Editor in 0.00 ms.
Mono: successfully reloaded assembly
- Completed reload, in  1.861 seconds
Platform modules already initialized, skipping
Refreshing native plugins compatible for Editor in 0.74 ms, found 2 plugins.
Preloading 0 native plugins for Editor in 0.00 ms.
Unloading 2107 Unused Serialized files (Serialized files now loaded: 0)
System memory in use before: 205.7 MB.
System memory in use after: 205.7 MB.

Unloading 12 unused Assets to reduce memory usage. Loaded Objects now: 2624.
Total: 5.563785 ms (FindLiveObjects: 0.479301 ms CreateObjectMapping: 0.161406 ms MarkObjects: 4.683027 ms  DeleteObjects: 0.236951 ms)

========================================================================
Received Prepare
Registering precompiled user dll's ...
Registered in 0.002168 seconds.
Begin MonoManager ReloadAssembly
Native extension for Lumin target not found
Native extension for LinuxStandalone target not found
Native extension for WindowsStandalone target not found
Native extension for OSXStandalone target not found
Native extension for WebGL target not found
Refreshing native plugins compatible for Editor in 0.83 ms, found 2 plugins.
Preloading 0 native plugins for Editor in 0.00 ms.
Mono: successfully reloaded assembly
- Completed reload, in  2.036 seconds
Platform modules already initialized, skipping
Refreshing native plugins compatible for Editor in 0.57 ms, found 2 plugins.
Preloading 0 native plugins for Editor in 0.00 ms.
Unloading 2107 Unused Serialized files (Serialized files now loaded: 0)
System memory in use before: 206.0 MB.
System memory in use after: 206.0 MB.

Unloading 12 unused Assets to reduce memory usage. Loaded Objects now: 2628.
Total: 2.584892 ms (FindLiveObjects: 0.254456 ms CreateObjectMapping: 0.074536 ms MarkObjects: 2.115746 ms  DeleteObjects: 0.138126 ms)

========================================================================
Received Prepare
Registering precompiled user dll's ...
Registered in 0.001744 seconds.
Begin MonoManager ReloadAssembly
Native extension for Lumin target not found
Native extension for LinuxStandalone target not found
Native extension for WindowsStandalone target not found
Native extension for OSXStandalone target not found
Native extension for WebGL target not found
Refreshing native plugins compatible for Editor in 0.53 ms, found 2 plugins.
Preloading 0 native plugins for Editor in 0.00 ms.
Mono: successfully reloaded assembly
- Completed reload, in  1.379 seconds
Platform modules already initialized, skipping
Refreshing native plugins compatible for Editor in 0.55 ms, found 2 plugins.
Preloading 0 native plugins for Editor in 0.00 ms.
Unloading 2107 Unused Serialized files (Serialized files now loaded: 0)
System memory in use before: 206.2 MB.
System memory in use after: 206.2 MB.

Unloading 12 unused Assets to reduce memory usage. Loaded Objects now: 2632.
Total: 2.696824 ms (FindLiveObjects: 0.271040 ms CreateObjectMapping: 0.077531 ms MarkObjects: 2.211508 ms  DeleteObjects: 0.134957 ms)

========================================================================
Received Import Request.
  Time since last request: 521.887779 seconds.
  path: Assets/Player2Seeker.prefab
  artifactKey: Guid(9f1abbac2bfde4ea28ba301832a93a2c) Importer(815301076,1909f56bfc062723c751e8b465ee728b)
Start importing Assets/Player2Seeker.prefab using Guid(9f1abbac2bfde4ea28ba301832a93a2c) Importer(815301076,1909f56bfc062723c751e8b465ee728b)  -> (artifact id: '1ebcc633b549548b59713cae6ae16108') in 0.122710 seconds
  Import took 0.130068 seconds .

========================================================================
Received Import Request.
  Time since last request: 0.000436 seconds.
  path: Assets/Player4Seeker.prefab
  artifactKey: Guid(2b598410fa21d42729060575003bbcee) Importer(815301076,1909f56bfc062723c751e8b465ee728b)
Start importing Assets/Player4Seeker.prefab using Guid(2b598410fa21d42729060575003bbcee) Importer(815301076,1909f56bfc062723c751e8b465ee728b)  -> (artifact id: '52b34e81fdb18bc38d0ce76957715b08') in 0.021448 seconds
  Import took 0.028609 seconds .

========================================================================
Received Import Request.
  Time since last request: 0.000344 seconds.
  path: Assets/Player3Seeker.prefab
  artifactKey: Guid(b073c3997fd1648cab29cc05fb1a6fd5) Importer(815301076,1909f56bfc062723c751e8b465ee728b)
Start importing Assets/Player3Seeker.prefab using Guid(b073c3997fd1648cab29cc05fb1a6fd5) Importer(815301076,1909f56bfc062723c751e8b465ee728b)  -> (artifact id: '8a67cc3cd9ed3f5c858cc1879fc85ffd') in 0.021190 seconds
  Import took 0.031229 seconds .

========================================================================
Received Import Request.
  Time since last request: 2.552520 seconds.
  path: Assets/Player1Seeker.prefab
  artifactKey: Guid(5625e6fe2ceaf401084211813059acc7) Importer(815301076,1909f56bfc062723c751e8b465ee728b)
Start importing Assets/Player1Seeker.prefab using Guid(5625e6fe2ceaf401084211813059acc7) Importer(815301076,1909f56bfc062723c751e8b465ee728b)  -> (artifact id: '036602d783717a48a97147685387d515') in 0.025502 seconds
  Import took 0.033396 seconds .

========================================================================
Received Import Request.
  Time since last request: 13.909987 seconds.
  path: Assets/Player2Seeker.prefab
  artifactKey: Guid(9f1abbac2bfde4ea28ba301832a93a2c) Importer(815301076,1909f56bfc062723c751e8b465ee728b)
Start importing Assets/Player2Seeker.prefab using Guid(9f1abbac2bfde4ea28ba301832a93a2c) Importer(815301076,1909f56bfc062723c751e8b465ee728b)  -> (artifact id: 'a17acbb6e2677c921fc0cde2e3b61eb7') in 0.019181 seconds
  Import took 0.025594 seconds .

========================================================================
Received Import Request.
  Time since last request: 2.201962 seconds.
  path: Assets/Player2Seeker.prefab
  artifactKey: Guid(9f1abbac2bfde4ea28ba301832a93a2c) Importer(815301076,1909f56bfc062723c751e8b465ee728b)
Start importing Assets/Player2Seeker.prefab using Guid(9f1abbac2bfde4ea28ba301832a93a2c) Importer(815301076,1909f56bfc062723c751e8b465ee728b)  -> (artifact id: '9798d6c1360cf063b9b1a90eac67aa14') in 0.018222 seconds
  Import took 0.026723 seconds .

========================================================================
Received Import Request.
  Time since last request: 7.694951 seconds.
  path: Assets/Player3Seeker.prefab
  artifactKey: Guid(b073c3997fd1648cab29cc05fb1a6fd5) Importer(815301076,1909f56bfc062723c751e8b465ee728b)
Start importing Assets/Player3Seeker.prefab using Guid(b073c3997fd1648cab29cc05fb1a6fd5) Importer(815301076,1909f56bfc062723c751e8b465ee728b)  -> (artifact id: '46c11c64f108d01f103cfbb9e3f09874') in 0.019817 seconds
  Import took 0.029123 seconds .

========================================================================
Received Import Request.
  Time since last request: 5.375249 seconds.
  path: Assets/Player4Seeker.prefab
  artifactKey: Guid(2b598410fa21d42729060575003bbcee) Importer(815301076,1909f56bfc062723c751e8b465ee728b)
Start importing Assets/Player4Seeker.prefab using Guid(2b598410fa21d42729060575003bbcee) Importer(815301076,1909f56bfc062723c751e8b465ee728b)  -> (artifact id: '8fba45493202299d443f89b9b96a3149') in 0.015345 seconds
  Import took 0.024519 seconds .

========================================================================
Received Prepare
Registering precompiled user dll's ...
Registered in 0.002356 seconds.
Begin MonoManager ReloadAssembly
Native extension for Lumin target not found
Native extension for LinuxStandalone target not found
Native extension for WindowsStandalone target not found
Native extension for OSXStandalone target not found
Native extension for WebGL target not found
Refreshing native plugins compatible for Editor in 0.69 ms, found 2 plugins.
Preloading 0 native plugins for Editor in 0.00 ms.
Mono: successfully reloaded assembly
- Completed reload, in  1.658 seconds
Platform modules already initialized, skipping
Refreshing native plugins compatible for Editor in 1.56 ms, found 2 plugins.
Preloading 0 native plugins for Editor in 0.00 ms.
Unloading 2107 Unused Serialized files (Serialized files now loaded: 0)
System memory in use before: 206.5 MB.
System memory in use after: 206.5 MB.

Unloading 12 unused Assets to reduce memory usage. Loaded Objects now: 2637.
Total: 2.987874 ms (FindLiveObjects: 0.231035 ms CreateObjectMapping: 0.070679 ms MarkObjects: 2.524947 ms  DeleteObjects: 0.158703 ms)

========================================================================
Received Import Request.
  Time since last request: 10.896415 seconds.
  path: Assets/Player4Seeker.prefab
  artifactKey: Guid(2b598410fa21d42729060575003bbcee) Importer(815301076,1909f56bfc062723c751e8b465ee728b)
Start importing Assets/Player4Seeker.prefab using Guid(2b598410fa21d42729060575003bbcee) Importer(815301076,1909f56bfc062723c751e8b465ee728b)  -> (artifact id: 'bbb1f9517bce2e562a22a04f6ba954c7') in 0.098230 seconds
  Import took 0.103940 seconds .

========================================================================
Received Prepare
Registering precompiled user dll's ...
Registered in 0.000964 seconds.
Begin MonoManager ReloadAssembly
Native extension for Lumin target not found
Native extension for LinuxStandalone target not found
Native extension for WindowsStandalone target not found
Native extension for OSXStandalone target not found
Native extension for WebGL target not found
Refreshing native plugins compatible for Editor in 0.60 ms, found 2 plugins.
Preloading 0 native plugins for Editor in 0.00 ms.
Mono: successfully reloaded assembly
- Completed reload, in  1.424 seconds
Platform modules already initialized, skipping
Refreshing native plugins compatible for Editor in 0.61 ms, found 2 plugins.
Preloading 0 native plugins for Editor in 0.00 ms.
Unloading 2107 Unused Serialized files (Serialized files now loaded: 0)
System memory in use before: 206.8 MB.
System memory in use after: 206.8 MB.

Unloading 12 unused Assets to reduce memory usage. Loaded Objects now: 2642.
Total: 4.505820 ms (FindLiveObjects: 0.317558 ms CreateObjectMapping: 0.125373 ms MarkObjects: 3.855905 ms  DeleteObjects: 0.203563 ms)

========================================================================
Received Import Request.
  Time since last request: 126.941487 seconds.
  path: Assets/PlayerObject.prefab
  artifactKey: Guid(615b59a827def400ca5ea968b9449cb2) Importer(815301076,1909f56bfc062723c751e8b465ee728b)
Start importing Assets/PlayerObject.prefab using Guid(615b59a827def400ca5ea968b9449cb2) Importer(815301076,1909f56bfc062723c751e8b465ee728b)  -> (artifact id: '198fc1fbb34e9e46811ef58a2d109d95') in 0.511085 seconds
  Import took 0.519614 seconds .

========================================================================
Received Prepare
Registering precompiled user dll's ...
Registered in 0.002591 seconds.
Begin MonoManager ReloadAssembly
Native extension for Lumin target not found
Native extension for LinuxStandalone target not found
Native extension for WindowsStandalone target not found
Native extension for OSXStandalone target not found
Native extension for WebGL target not found
Refreshing native plugins compatible for Editor in 0.54 ms, found 2 plugins.
Preloading 0 native plugins for Editor in 0.00 ms.
Mono: successfully reloaded assembly
- Completed reload, in  1.561 seconds
Platform modules already initialized, skipping
Refreshing native plugins compatible for Editor in 0.80 ms, found 2 plugins.
Preloading 0 native plugins for Editor in 0.00 ms.
Unloading 2107 Unused Serialized files (Serialized files now loaded: 0)
System memory in use before: 207.1 MB.
System memory in use after: 207.1 MB.

Unloading 13 unused Assets to reduce memory usage. Loaded Objects now: 2647.
Total: 5.792782 ms (FindLiveObjects: 0.533815 ms CreateObjectMapping: 0.167834 ms MarkObjects: 4.862128 ms  DeleteObjects: 0.226411 ms)

========================================================================
Received Prepare
Registering precompiled user dll's ...
Registered in 0.001497 seconds.
Begin MonoManager ReloadAssembly
Native extension for Lumin target not found
Native extension for LinuxStandalone target not found
Native extension for WindowsStandalone target not found
Native extension for OSXStandalone target not found
Native extension for WebGL target not found
Refreshing native plugins compatible for Editor in 0.55 ms, found 2 plugins.
Preloading 0 native plugins for Editor in 0.00 ms.
Mono: successfully reloaded assembly
- Completed reload, in  1.424 seconds
Platform modules already initialized, skipping
Refreshing native plugins compatible for Editor in 0.77 ms, found 2 plugins.
Preloading 0 native plugins for Editor in 0.00 ms.
Unloading 2107 Unused Serialized files (Serialized files now loaded: 0)
System memory in use before: 207.3 MB.
System memory in use after: 207.3 MB.

Unloading 12 unused Assets to reduce memory usage. Loaded Objects now: 2651.
Total: 3.006111 ms (FindLiveObjects: 0.400325 ms CreateObjectMapping: 0.112105 ms MarkObjects: 2.364549 ms  DeleteObjects: 0.126724 ms)

